<?xml version="1.0" encoding="UTF-8"?>
<!-- Generated by org.testng.reporters.JUnitXMLReporter -->
<testsuite ignored="0" hostname="IN3156331W1" failures="0" tests="3" name="search-module-programming3" time="3.724" errors="0" timestamp="2022-01-16T19:04:20 IST">
  <testcase classname="SearchTests.SearchTestData" name="searchInfo" time="2.206"/>
  <testcase classname="SearchTests.SearchTestData" name="searchForVideos" time="0.13"/>
  <testcase classname="SearchTests.SearchTestData" name="totalNoOfVideos" time="0.634"/>
</testsuite> <!-- search-module-programming3 -->
