<?xml version="1.0" encoding="UTF-8"?>
<!-- Generated by org.testng.reporters.JUnitXMLReporter -->
<testsuite ignored="0" hostname="IN3156331W1" failures="0" tests="3" name="search-module-programming4" time="4.075" errors="0" timestamp="2022-01-16T19:04:24 IST">
  <testcase classname="SearchTests.SearchTestData" name="searchInfo" time="2.791"/>
  <testcase classname="SearchTests.SearchTestData" name="searchForVideos" time="0.139"/>
  <testcase classname="SearchTests.SearchTestData" name="totalNoOfVideos" time="0.653"/>
</testsuite> <!-- search-module-programming4 -->
