<?xml version="1.0" encoding="UTF-8"?>
<!-- Generated by org.testng.reporters.JUnitXMLReporter -->
<testsuite ignored="0" hostname="IN3156331W1" failures="0" tests="12" name="search-module-programming2" time="5.523" errors="0" timestamp="2022-01-16T19:08:31 IST">
  <testcase classname="SearchTests.SearchTestData" name="searchInfo" time="2.985"/>
  <testcase classname="SearchTests.SearchTestData" name="searchInfo" time="3.032"/>
  <testcase classname="SearchTests.SearchTestData" name="searchInfo" time="3.044"/>
  <testcase classname="SearchTests.SearchTestData" name="searchInfo" time="3.068"/>
  <testcase classname="SearchTests.SearchTestData" name="searchForVideos" time="0.276"/>
  <testcase classname="SearchTests.SearchTestData" name="searchForVideos" time="0.224"/>
  <testcase classname="SearchTests.SearchTestData" name="searchForVideos" time="0.251"/>
  <testcase classname="SearchTests.SearchTestData" name="searchForVideos" time="0.326"/>
  <testcase classname="SearchTests.SearchTestData" name="totalNoOfVideos" time="0.355"/>
  <testcase classname="SearchTests.SearchTestData" name="totalNoOfVideos" time="0.313"/>
  <testcase classname="SearchTests.SearchTestData" name="totalNoOfVideos" time="0.482"/>
  <testcase classname="SearchTests.SearchTestData" name="totalNoOfVideos" time="0.489"/>
</testsuite> <!-- search-module-programming2 -->
