<?xml version="1.0" encoding="UTF-8"?>
<testng-results ignored="0" total="6" passed="6" failed="0" skipped="0">
  <reporter-output>
  </reporter-output>
  <suite started-at="2022-01-16T19:08:25 IST" name="Suite" finished-at="2022-01-16T19:08:31 IST" duration-ms="5523">
    <groups>
    </groups>
    <test started-at="2022-01-16T19:08:25 IST" name="search-module-programming2" finished-at="2022-01-16T19:08:31 IST" duration-ms="5523">
      <class name="SearchTests.SearchTestData">
        <test-method is-config="true" signature="driverSetup()[pri:0, instance:SearchTests.SearchTestData@2892dae4]" started-at="2022-01-16T19:08:25 IST" name="driverSetup" finished-at="2022-01-16T19:08:27 IST" duration-ms="1596" status="PASS">
          <reporter-output>
          </reporter-output>
        </test-method> <!-- driverSetup -->
        <test-method signature="searchInfo(java.lang.String)[pri:0, instance:SearchTests.SearchTestData@2892dae4]" started-at="2022-01-16T19:08:27 IST" name="searchInfo" finished-at="2022-01-16T19:08:30 IST" duration-ms="2985" status="PASS">
          <params>
            <param index="0">
              <value>
                <![CDATA[python]]>
              </value>
            </param>
          </params>
          <reporter-output>
          </reporter-output>
        </test-method> <!-- searchInfo -->
        <test-method signature="searchForVideos()[pri:0, instance:SearchTests.SearchTestData@2892dae4]" started-at="2022-01-16T19:08:30 IST" name="searchForVideos" finished-at="2022-01-16T19:08:30 IST" depends-on-methods="SearchTests.SearchTestData.searchInfo" duration-ms="276" status="PASS">
          <reporter-output>
          </reporter-output>
        </test-method> <!-- searchForVideos -->
        <test-method signature="totalNoOfVideos()[pri:0, instance:SearchTests.SearchTestData@2892dae4]" started-at="2022-01-16T19:08:30 IST" name="totalNoOfVideos" finished-at="2022-01-16T19:08:31 IST" depends-on-methods="SearchTests.SearchTestData.searchForVideos" duration-ms="482" status="PASS">
          <reporter-output>
          </reporter-output>
        </test-method> <!-- totalNoOfVideos -->
        <test-method is-config="true" signature="closeBrowser()[pri:0, instance:SearchTests.SearchTestData@2892dae4]" started-at="2022-01-16T19:08:31 IST" name="closeBrowser" finished-at="2022-01-16T19:08:31 IST" duration-ms="129" status="PASS">
          <reporter-output>
          </reporter-output>
        </test-method> <!-- closeBrowser -->
      </class> <!-- SearchTests.SearchTestData -->
    </test> <!-- search-module-programming2 -->
    <test started-at="2022-01-16T19:08:25 IST" name="search-module-programming1" finished-at="2022-01-16T19:08:31 IST" duration-ms="5499">
      <class name="SearchTests.SearchTestData">
        <test-method is-config="true" signature="driverSetup()[pri:0, instance:SearchTests.SearchTestData@3943a2be]" started-at="2022-01-16T19:08:25 IST" name="driverSetup" finished-at="2022-01-16T19:08:27 IST" duration-ms="1592" status="PASS">
          <reporter-output>
          </reporter-output>
        </test-method> <!-- driverSetup -->
        <test-method signature="searchInfo(java.lang.String)[pri:0, instance:SearchTests.SearchTestData@3943a2be]" started-at="2022-01-16T19:08:27 IST" name="searchInfo" finished-at="2022-01-16T19:08:30 IST" duration-ms="3044" status="PASS">
          <params>
            <param index="0">
              <value>
                <![CDATA[java]]>
              </value>
            </param>
          </params>
          <reporter-output>
          </reporter-output>
        </test-method> <!-- searchInfo -->
        <test-method signature="searchForVideos()[pri:0, instance:SearchTests.SearchTestData@3943a2be]" started-at="2022-01-16T19:08:30 IST" name="searchForVideos" finished-at="2022-01-16T19:08:30 IST" depends-on-methods="SearchTests.SearchTestData.searchInfo" duration-ms="251" status="PASS">
          <reporter-output>
          </reporter-output>
        </test-method> <!-- searchForVideos -->
        <test-method signature="totalNoOfVideos()[pri:0, instance:SearchTests.SearchTestData@3943a2be]" started-at="2022-01-16T19:08:30 IST" name="totalNoOfVideos" finished-at="2022-01-16T19:08:31 IST" depends-on-methods="SearchTests.SearchTestData.searchForVideos" duration-ms="489" status="PASS">
          <reporter-output>
          </reporter-output>
        </test-method> <!-- totalNoOfVideos -->
        <test-method is-config="true" signature="closeBrowser()[pri:0, instance:SearchTests.SearchTestData@3943a2be]" started-at="2022-01-16T19:08:31 IST" name="closeBrowser" finished-at="2022-01-16T19:08:31 IST" duration-ms="67" status="PASS">
          <reporter-output>
          </reporter-output>
        </test-method> <!-- closeBrowser -->
      </class> <!-- SearchTests.SearchTestData -->
    </test> <!-- search-module-programming1 -->
  </suite> <!-- Suite -->
</testng-results>
