<?xml version="1.0" encoding="UTF-8"?>
<testng-results skipped="0" failed="0" ignored="0" total="12" passed="12">
  <reporter-output>
  </reporter-output>
  <suite name="Suite" duration-ms="16125" started-at="2022-01-18T04:11:12 GMT" finished-at="2022-01-18T04:11:28 GMT">
    <groups>
    </groups>
    <test name="search-module-programming1" duration-ms="5048" started-at="2022-01-18T04:11:12 GMT" finished-at="2022-01-18T04:11:17 GMT">
      <class name="SearchTests.SearchTestData">
        <test-method status="PASS" signature="driverSetup()[pri:0, instance:SearchTests.SearchTestData@23ceabc1]" name="driverSetup" is-config="true" duration-ms="1833" started-at="2022-01-18T04:11:12 GMT" finished-at="2022-01-18T04:11:14 GMT">
          <reporter-output>
          </reporter-output>
        </test-method> <!-- driverSetup -->
        <test-method status="PASS" signature="searchInfo(java.lang.String)[pri:0, instance:SearchTests.SearchTestData@23ceabc1]" name="searchInfo" duration-ms="2308" started-at="2022-01-18T04:11:14 GMT" finished-at="2022-01-18T04:11:16 GMT">
          <params>
            <param index="0">
              <value>
                <![CDATA[java]]>
              </value>
            </param>
          </params>
          <reporter-output>
          </reporter-output>
        </test-method> <!-- searchInfo -->
        <test-method status="PASS" signature="searchForVideos()[pri:0, instance:SearchTests.SearchTestData@23ceabc1]" name="searchForVideos" duration-ms="133" started-at="2022-01-18T04:11:16 GMT" depends-on-methods="SearchTests.SearchTestData.searchInfo" finished-at="2022-01-18T04:11:16 GMT">
          <reporter-output>
          </reporter-output>
        </test-method> <!-- searchForVideos -->
        <test-method status="PASS" signature="totalNoOfVideos()[pri:0, instance:SearchTests.SearchTestData@23ceabc1]" name="totalNoOfVideos" duration-ms="682" started-at="2022-01-18T04:11:16 GMT" depends-on-methods="SearchTests.SearchTestData.searchForVideos" finished-at="2022-01-18T04:11:17 GMT">
          <reporter-output>
          </reporter-output>
        </test-method> <!-- totalNoOfVideos -->
        <test-method status="PASS" signature="closeBrowser()[pri:0, instance:SearchTests.SearchTestData@23ceabc1]" name="closeBrowser" is-config="true" duration-ms="66" started-at="2022-01-18T04:11:17 GMT" finished-at="2022-01-18T04:11:17 GMT">
          <reporter-output>
          </reporter-output>
        </test-method> <!-- closeBrowser -->
      </class> <!-- SearchTests.SearchTestData -->
    </test> <!-- search-module-programming1 -->
    <test name="search-module-programming2" duration-ms="3652" started-at="2022-01-18T04:11:17 GMT" finished-at="2022-01-18T04:11:21 GMT">
      <class name="SearchTests.SearchTestData">
        <test-method status="PASS" signature="driverSetup()[pri:0, instance:SearchTests.SearchTestData@5c7fa833]" name="driverSetup" is-config="true" duration-ms="410" started-at="2022-01-18T04:11:17 GMT" finished-at="2022-01-18T04:11:17 GMT">
          <reporter-output>
          </reporter-output>
        </test-method> <!-- driverSetup -->
        <test-method status="PASS" signature="searchInfo(java.lang.String)[pri:0, instance:SearchTests.SearchTestData@5c7fa833]" name="searchInfo" duration-ms="2428" started-at="2022-01-18T04:11:17 GMT" finished-at="2022-01-18T04:11:20 GMT">
          <params>
            <param index="0">
              <value>
                <![CDATA[python]]>
              </value>
            </param>
          </params>
          <reporter-output>
          </reporter-output>
        </test-method> <!-- searchInfo -->
        <test-method status="PASS" signature="searchForVideos()[pri:0, instance:SearchTests.SearchTestData@5c7fa833]" name="searchForVideos" duration-ms="125" started-at="2022-01-18T04:11:20 GMT" depends-on-methods="SearchTests.SearchTestData.searchInfo" finished-at="2022-01-18T04:11:20 GMT">
          <reporter-output>
          </reporter-output>
        </test-method> <!-- searchForVideos -->
        <test-method status="PASS" signature="totalNoOfVideos()[pri:0, instance:SearchTests.SearchTestData@5c7fa833]" name="totalNoOfVideos" duration-ms="570" started-at="2022-01-18T04:11:20 GMT" depends-on-methods="SearchTests.SearchTestData.searchForVideos" finished-at="2022-01-18T04:11:21 GMT">
          <reporter-output>
          </reporter-output>
        </test-method> <!-- totalNoOfVideos -->
        <test-method status="PASS" signature="closeBrowser()[pri:0, instance:SearchTests.SearchTestData@5c7fa833]" name="closeBrowser" is-config="true" duration-ms="117" started-at="2022-01-18T04:11:21 GMT" finished-at="2022-01-18T04:11:21 GMT">
          <reporter-output>
          </reporter-output>
        </test-method> <!-- closeBrowser -->
      </class> <!-- SearchTests.SearchTestData -->
    </test> <!-- search-module-programming2 -->
    <test name="search-module-programming3" duration-ms="3281" started-at="2022-01-18T04:11:21 GMT" finished-at="2022-01-18T04:11:24 GMT">
      <class name="SearchTests.SearchTestData">
        <test-method status="PASS" signature="driverSetup()[pri:0, instance:SearchTests.SearchTestData@8bd1b6a]" name="driverSetup" is-config="true" duration-ms="359" started-at="2022-01-18T04:11:21 GMT" finished-at="2022-01-18T04:11:21 GMT">
          <reporter-output>
          </reporter-output>
        </test-method> <!-- driverSetup -->
        <test-method status="PASS" signature="searchInfo(java.lang.String)[pri:0, instance:SearchTests.SearchTestData@8bd1b6a]" name="searchInfo" duration-ms="2159" started-at="2022-01-18T04:11:21 GMT" finished-at="2022-01-18T04:11:23 GMT">
          <params>
            <param index="0">
              <value>
                <![CDATA[javascript]]>
              </value>
            </param>
          </params>
          <reporter-output>
          </reporter-output>
        </test-method> <!-- searchInfo -->
        <test-method status="PASS" signature="searchForVideos()[pri:0, instance:SearchTests.SearchTestData@8bd1b6a]" name="searchForVideos" duration-ms="132" started-at="2022-01-18T04:11:23 GMT" depends-on-methods="SearchTests.SearchTestData.searchInfo" finished-at="2022-01-18T04:11:23 GMT">
          <reporter-output>
          </reporter-output>
        </test-method> <!-- searchForVideos -->
        <test-method status="PASS" signature="totalNoOfVideos()[pri:0, instance:SearchTests.SearchTestData@8bd1b6a]" name="totalNoOfVideos" duration-ms="564" started-at="2022-01-18T04:11:23 GMT" depends-on-methods="SearchTests.SearchTestData.searchForVideos" finished-at="2022-01-18T04:11:24 GMT">
          <reporter-output>
          </reporter-output>
        </test-method> <!-- totalNoOfVideos -->
        <test-method status="PASS" signature="closeBrowser()[pri:0, instance:SearchTests.SearchTestData@8bd1b6a]" name="closeBrowser" is-config="true" duration-ms="64" started-at="2022-01-18T04:11:24 GMT" finished-at="2022-01-18T04:11:24 GMT">
          <reporter-output>
          </reporter-output>
        </test-method> <!-- closeBrowser -->
      </class> <!-- SearchTests.SearchTestData -->
    </test> <!-- search-module-programming3 -->
    <test name="search-module-programming4" duration-ms="3955" started-at="2022-01-18T04:11:24 GMT" finished-at="2022-01-18T04:11:28 GMT">
      <class name="SearchTests.SearchTestData">
        <test-method status="PASS" signature="driverSetup()[pri:0, instance:SearchTests.SearchTestData@4c70fda8]" name="driverSetup" is-config="true" duration-ms="363" started-at="2022-01-18T04:11:24 GMT" finished-at="2022-01-18T04:11:24 GMT">
          <reporter-output>
          </reporter-output>
        </test-method> <!-- driverSetup -->
        <test-method status="PASS" signature="searchInfo(java.lang.String)[pri:0, instance:SearchTests.SearchTestData@4c70fda8]" name="searchInfo" duration-ms="2759" started-at="2022-01-18T04:11:24 GMT" finished-at="2022-01-18T04:11:27 GMT">
          <params>
            <param index="0">
              <value>
                <![CDATA[golang]]>
              </value>
            </param>
          </params>
          <reporter-output>
          </reporter-output>
        </test-method> <!-- searchInfo -->
        <test-method status="PASS" signature="searchForVideos()[pri:0, instance:SearchTests.SearchTestData@4c70fda8]" name="searchForVideos" duration-ms="133" started-at="2022-01-18T04:11:27 GMT" depends-on-methods="SearchTests.SearchTestData.searchInfo" finished-at="2022-01-18T04:11:27 GMT">
          <reporter-output>
          </reporter-output>
        </test-method> <!-- searchForVideos -->
        <test-method status="PASS" signature="totalNoOfVideos()[pri:0, instance:SearchTests.SearchTestData@4c70fda8]" name="totalNoOfVideos" duration-ms="637" started-at="2022-01-18T04:11:27 GMT" depends-on-methods="SearchTests.SearchTestData.searchForVideos" finished-at="2022-01-18T04:11:28 GMT">
          <reporter-output>
          </reporter-output>
        </test-method> <!-- totalNoOfVideos -->
        <test-method status="PASS" signature="closeBrowser()[pri:0, instance:SearchTests.SearchTestData@4c70fda8]" name="closeBrowser" is-config="true" duration-ms="61" started-at="2022-01-18T04:11:28 GMT" finished-at="2022-01-18T04:11:28 GMT">
          <reporter-output>
          </reporter-output>
        </test-method> <!-- closeBrowser -->
      </class> <!-- SearchTests.SearchTestData -->
    </test> <!-- search-module-programming4 -->
  </suite> <!-- Suite -->
</testng-results>
